Using pre-set license
Built from '2020.3/staging' branch; Version is '2020.3.0f1 (c7b5465681fb) revision 13088070'; Using compiler version '192528614'; Build Type 'Release'
OS: 'Windows 10 Home; OS build 19041.928; Version 2004; 64bit' Language: 'ko' Physical Memory: 8090 MB
BatchMode: 1, IsHumanControllingUs: 0, StartBugReporterOnCrash: 0, Is64bit: 1, IsPro: 0

 COMMAND LINE ARGUMENTS:
C:\Program Files\Unity\Hub\Editor\2019.4.17f1\Editor\Unity.exe
-adb2
-batchMode
-noUpm
-name
AssetImportWorker0
-projectPath
C:/Users/WIN10/Documents/GitHub/map2
-logFile
Logs/AssetImportWorker0.log
-srvPort
60160
Successfully changed project path to: C:/Users/WIN10/Documents/GitHub/map2
C:/Users/WIN10/Documents/GitHub/map2
Using Asset Import Pipeline V2.
Refreshing native plugins compatible for Editor in 201.56 ms, found 0 plugins.
Preloading 0 native plugins for Editor in 0.00 ms.
Initialize engine version: 2020.3.0f1 (c7b5465681fb)
[Subsystems] Discovering subsystems at path C:/Program Files/Unity/Hub/Editor/2019.4.17f1/Editor/Data/Resources/UnitySubsystems
[Subsystems] Discovering subsystems at path C:/Users/WIN10/Documents/GitHub/map2/Assets
GfxDevice: creating device client; threaded=0
Direct3D:
    Version:  Direct3D 11.0 [level 11.1]
    Renderer: Intel(R) HD Graphics 5500 (ID=0x1616)
    Vendor:   
    VRAM:     4045 MB
    Driver:   20.19.15.4549
Initialize mono
Mono path[0] = 'C:/Program Files/Unity/Hub/Editor/2019.4.17f1/Editor/Data/Managed'
Mono path[1] = 'C:/Program Files/Unity/Hub/Editor/2019.4.17f1/Editor/Data/MonoBleedingEdge/lib/mono/unityjit'
Mono config path = 'C:/Program Files/Unity/Hub/Editor/2019.4.17f1/Editor/Data/MonoBleedingEdge/etc'
Using monoOptions --debugger-agent=transport=dt_socket,embedding=1,server=y,suspend=n,address=127.0.0.1:56208
Begin MonoManager ReloadAssembly
Registering precompiled unity dll's ...
Register platform support module: C:/Program Files/Unity/Hub/Editor/2019.4.17f1/Editor/Data/PlaybackEngines/WindowsStandaloneSupport/UnityEditor.WindowsStandalone.Extensions.dll
Registered in 0.012430 seconds.
Native extension for WindowsStandalone target not found
Refreshing native plugins compatible for Editor in 204.83 ms, found 0 plugins.
Preloading 0 native plugins for Editor in 0.00 ms.
Invoked RoslynAnalysisRunner static constructor.
RoslynAnalysisRunner will not be running.
RoslynAnalysisRunner has terminated.
Mono: successfully reloaded assembly
- Completed reload, in  6.369 seconds
Platform modules already initialized, skipping
Registering precompiled user dll's ...
Registered in 0.004843 seconds.
Begin MonoManager ReloadAssembly
Native extension for WindowsStandalone target not found
Refreshing native plugins compatible for Editor in 0.79 ms, found 0 plugins.
Preloading 0 native plugins for Editor in 0.00 ms.
Invoked RoslynAnalysisRunner static constructor.
RoslynAnalysisRunner will not be running.
RoslynAnalysisRunner has terminated.
Mono: successfully reloaded assembly
- Completed reload, in  4.311 seconds
Platform modules already initialized, skipping
========================================================================
Worker process is ready to serve import requests
Launched and connected shader compiler UnityShaderCompiler.exe after 0.76 seconds
Refreshing native plugins compatible for Editor in 0.87 ms, found 0 plugins.
Preloading 0 native plugins for Editor in 0.00 ms.
Unloading 1116 Unused Serialized files (Serialized files now loaded: 0)
System memory in use before: 60.4 MB.
System memory in use after: 60.5 MB.

Unloading 10 unused Assets to reduce memory usage. Loaded Objects now: 1561.
Total: 7.583500 ms (FindLiveObjects: 0.575000 ms CreateObjectMapping: 0.181400 ms MarkObjects: 6.548100 ms  DeleteObjects: 0.275800 ms)

========================================================================
Received Import Request.
  path: Assets/Subway Environment/scenes
  artifactKey: Guid(ad9dd3e08c2b73c4c92f62999e3eb384) Importer(815301076,1909f56bfc062723c751e8b465ee728b)
Start importing Assets/Subway Environment/scenes using Guid(ad9dd3e08c2b73c4c92f62999e3eb384) Importer(815301076,1909f56bfc062723c751e8b465ee728b)  -> (artifact id: '4813cddfe9119bd96c416031d049f4f1') in 0.061011 seconds
  Import took 0.236848 seconds .

========================================================================
Received Import Request.
  Time since last request: 0.000611 seconds.
  path: Assets/Subway Environment/scenes/SubWay/ReflectionProbe-0.exr
  artifactKey: Guid(e6c4d46872073bb428798a3281c5cd14) Importer(815301076,1909f56bfc062723c751e8b465ee728b)
Start importing Assets/Subway Environment/scenes/SubWay/ReflectionProbe-0.exr using Guid(e6c4d46872073bb428798a3281c5cd14) Importer(815301076,1909f56bfc062723c751e8b465ee728b)  -> (artifact id: '9bdb441999d90b2cd8d083a59901566c') in 1.469554 seconds
  Import took 1.615505 seconds .

========================================================================
Received Import Request.
  Time since last request: 0.000669 seconds.
  path: Assets/Subway Environment/scenes/SubWay.unity
  artifactKey: Guid(e245e41bde5cb7441b3b18c361c15b6c) Importer(815301076,1909f56bfc062723c751e8b465ee728b)
Start importing Assets/Subway Environment/scenes/SubWay.unity using Guid(e245e41bde5cb7441b3b18c361c15b6c) Importer(815301076,1909f56bfc062723c751e8b465ee728b)  -> (artifact id: '50880cb1e1868cf4f85f4c230c8875dd') in 0.193228 seconds
  Import took 0.223912 seconds .

========================================================================
Received Import Request.
  Time since last request: 0.000589 seconds.
  path: Assets/Subway Environment/scenes/SubWay
  artifactKey: Guid(566ca82834cd78b49b6736008e5efede) Importer(815301076,1909f56bfc062723c751e8b465ee728b)
Start importing Assets/Subway Environment/scenes/SubWay using Guid(566ca82834cd78b49b6736008e5efede) Importer(815301076,1909f56bfc062723c751e8b465ee728b)  -> (artifact id: '08064c56a7151ef76c72dcafb13d569a') in 0.248789 seconds
  Import took 0.320527 seconds .

========================================================================
Received Import Request.
  Time since last request: 0.000572 seconds.
  path: Assets/Subway Environment/scenes/SubWay/ReflectionProbe-1.exr
  artifactKey: Guid(d58c06393fe6daf4a85fa4cfc63b60e9) Importer(815301076,1909f56bfc062723c751e8b465ee728b)
Start importing Assets/Subway Environment/scenes/SubWay/ReflectionProbe-1.exr using Guid(d58c06393fe6daf4a85fa4cfc63b60e9) Importer(815301076,1909f56bfc062723c751e8b465ee728b)  -> (artifact id: 'beffb11ee2e81701df85e6a39af1bcc6') in 0.211035 seconds
  Import took 0.269555 seconds .

========================================================================
Received Import Request.
  Time since last request: 0.001706 seconds.
  path: Assets/PolygonCity/Textures
  artifactKey: Guid(fb156a8043aa65c4b88a9f3443e9f9eb) Importer(815301076,1909f56bfc062723c751e8b465ee728b)
Start importing Assets/PolygonCity/Textures using Guid(fb156a8043aa65c4b88a9f3443e9f9eb) Importer(815301076,1909f56bfc062723c751e8b465ee728b)  -> (artifact id: 'bd1e499d3244df6be6f5114d4bda33c3') in 0.166686 seconds
  Import took 0.231656 seconds .

========================================================================
Received Import Request.
  Time since last request: 0.000601 seconds.
  path: Assets/Subway Environment/scenes/Movie2_High.asset
  artifactKey: Guid(d335cd7be16b47d45bcb6dbd680941c1) Importer(815301076,1909f56bfc062723c751e8b465ee728b)
Start importing Assets/Subway Environment/scenes/Movie2_High.asset using Guid(d335cd7be16b47d45bcb6dbd680941c1) Importer(815301076,1909f56bfc062723c751e8b465ee728b)  -> (artifact id: '6ba107bd29be8212bbb62f1685b50052') in 0.164466 seconds
  Import took 0.253849 seconds .

========================================================================
Received Import Request.
  Time since last request: 0.000710 seconds.
  path: Assets/Subway Environment/scenes/SubWay/ReflectionProbe-2.exr
  artifactKey: Guid(3b04bc4bed5a59a44a14989c0773094b) Importer(815301076,1909f56bfc062723c751e8b465ee728b)
Start importing Assets/Subway Environment/scenes/SubWay/ReflectionProbe-2.exr using Guid(3b04bc4bed5a59a44a14989c0773094b) Importer(815301076,1909f56bfc062723c751e8b465ee728b)  -> (artifact id: 'ec772920f0f82cb3517e71b0f348b521') in 0.436649 seconds
  Import took 0.516984 seconds .

========================================================================
Received Import Request.
  Time since last request: 0.000602 seconds.
  path: Assets/Subway Environment/scenes/SubWay/LightingData.asset
  artifactKey: Guid(f25174384551af24b8635fcf2f49f1a6) Importer(815301076,1909f56bfc062723c751e8b465ee728b)
Start importing Assets/Subway Environment/scenes/SubWay/LightingData.asset using Guid(f25174384551af24b8635fcf2f49f1a6) Importer(815301076,1909f56bfc062723c751e8b465ee728b)  -> (artifact id: '50fb6458a60df1ff8232319380ff3011') in 0.152178 seconds
  Import took 0.157671 seconds .

========================================================================
Received Import Request.
  Time since last request: 0.000581 seconds.
  path: Assets/PolygonCity/Prefabs/Characters
  artifactKey: Guid(3057162e47aef7a4a9ba89964c82facb) Importer(815301076,1909f56bfc062723c751e8b465ee728b)
Start importing Assets/PolygonCity/Prefabs/Characters using Guid(3057162e47aef7a4a9ba89964c82facb) Importer(815301076,1909f56bfc062723c751e8b465ee728b)  -> (artifact id: 'ccc4aca4c23b06cdd05d15ee6c91b7ad') in 0.168326 seconds
  Import took 0.215386 seconds .

========================================================================
Received Import Request.
  Time since last request: 0.000857 seconds.
  path: Assets/Subway Environment/scenes/SubWay/ReflectionProbe-3.exr
  artifactKey: Guid(e0695f86b07d09b47a664f59026dd9b3) Importer(815301076,1909f56bfc062723c751e8b465ee728b)
Start importing Assets/Subway Environment/scenes/SubWay/ReflectionProbe-3.exr using Guid(e0695f86b07d09b47a664f59026dd9b3) Importer(815301076,1909f56bfc062723c751e8b465ee728b)  -> (artifact id: '4df4e752a9015b79c4f7013958836431') in 0.228039 seconds
  Import took 0.316801 seconds .

========================================================================
Received Import Request.
  Time since last request: 0.000744 seconds.
  path: Assets/Scenes/SampleScene.unity
  artifactKey: Guid(9fc0d4010bbf28b4594072e72b8655ab) Importer(815301076,1909f56bfc062723c751e8b465ee728b)
Start importing Assets/Scenes/SampleScene.unity using Guid(9fc0d4010bbf28b4594072e72b8655ab) Importer(815301076,1909f56bfc062723c751e8b465ee728b)  -> (artifact id: '707a6fc5ff38a0bb6dd354a8adc760ce') in 0.357603 seconds
  Import took 0.509494 seconds .

========================================================================
Received Import Request.
  Time since last request: 22494.775627 seconds.
  path: Assets/PolygonCity/Models/SM_Bld_Shop_Corner_02.fbx
  artifactKey: Guid(1e49b63f0f0c0864e997789a8d3d01be) Importer(815301076,1909f56bfc062723c751e8b465ee728b)
Start importing Assets/PolygonCity/Models/SM_Bld_Shop_Corner_02.fbx using Guid(1e49b63f0f0c0864e997789a8d3d01be) Importer(815301076,1909f56bfc062723c751e8b465ee728b)  -> (artifact id: '46e9e823f54350915f3076f9ddb8b023') in 12.857230 seconds
  Import took 14.574064 seconds .

========================================================================
Received Import Request.
  Time since last request: 0.128044 seconds.
  path: Assets/PolygonCity/Models/SM_Bld_Shop_Cover_03.fbx
  artifactKey: Guid(39fd12d83ae175a40bf1b85cd999bd1a) Importer(815301076,1909f56bfc062723c751e8b465ee728b)
Start importing Assets/PolygonCity/Models/SM_Bld_Shop_Cover_03.fbx using Guid(39fd12d83ae175a40bf1b85cd999bd1a) Importer(815301076,1909f56bfc062723c751e8b465ee728b)  -> (artifact id: '9ae109577ae61ca7e20c3f23150eef02') in 0.768841 seconds
  Import took 0.922160 seconds .

========================================================================
Received Import Request.
  Time since last request: 0.000637 seconds.
  path: Assets/PolygonCity/Models/SM_Bld_Station_02.fbx
  artifactKey: Guid(7b1d6beb9b2e7d848ac14f6af1ad146d) Importer(815301076,1909f56bfc062723c751e8b465ee728b)
Start importing Assets/PolygonCity/Models/SM_Bld_Station_02.fbx using Guid(7b1d6beb9b2e7d848ac14f6af1ad146d) Importer(815301076,1909f56bfc062723c751e8b465ee728b)  -> (artifact id: 'b20316319e29e74863c8f6ebcd6dc095') in 0.601803 seconds
  Import took 0.682465 seconds .

========================================================================
Received Import Request.
  Time since last request: 0.008389 seconds.
  path: Assets/PolygonCity/Models/SM_Bld_Spire_01.fbx
  artifactKey: Guid(5aa957f68d38ec446a4d583b0fec6f60) Importer(815301076,1909f56bfc062723c751e8b465ee728b)
Start importing Assets/PolygonCity/Models/SM_Bld_Spire_01.fbx using Guid(5aa957f68d38ec446a4d583b0fec6f60) Importer(815301076,1909f56bfc062723c751e8b465ee728b)  -> (artifact id: '66c4617e60e80d9e0267d6d2d7978fad') in 0.440466 seconds
  Import took 0.789616 seconds .

========================================================================
Received Import Request.
  Time since last request: 0.026156 seconds.
  path: Assets/PolygonCity/Models/SM_Bld_Shop_Cover_01.fbx
  artifactKey: Guid(85fd6b4fdb4f8e6468e1b450382d2bd8) Importer(815301076,1909f56bfc062723c751e8b465ee728b)
Start importing Assets/PolygonCity/Models/SM_Bld_Shop_Cover_01.fbx using Guid(85fd6b4fdb4f8e6468e1b450382d2bd8) Importer(815301076,1909f56bfc062723c751e8b465ee728b)  -> (artifact id: 'fd8fed40a2b942bcf4fc1dadfe04e893') in 0.356394 seconds
  Import took 0.636322 seconds .

========================================================================
Received Import Request.
  Time since last request: 0.069591 seconds.
  path: Assets/PolygonCity/Models/SM_Bld_Station_01.fbx
  artifactKey: Guid(26af0a0b3f41b964f81f83742925c1e9) Importer(815301076,1909f56bfc062723c751e8b465ee728b)
Start importing Assets/PolygonCity/Models/SM_Bld_Station_01.fbx using Guid(26af0a0b3f41b964f81f83742925c1e9) Importer(815301076,1909f56bfc062723c751e8b465ee728b)  -> (artifact id: '90338d4ef3b7b2d04cec9aa146d8ee53') in 1.174649 seconds
  Import took 1.207404 seconds .

========================================================================
Received Import Request.
  Time since last request: 0.025372 seconds.
  path: Assets/PolygonCity/Models/SM_Bld_Shop_Cover_02.fbx
  artifactKey: Guid(1ff02d60dcd4dc84ab0232c49a6bceb7) Importer(815301076,1909f56bfc062723c751e8b465ee728b)
Start importing Assets/PolygonCity/Models/SM_Bld_Shop_Cover_02.fbx using Guid(1ff02d60dcd4dc84ab0232c49a6bceb7) Importer(815301076,1909f56bfc062723c751e8b465ee728b)  -> (artifact id: '4348a0c36a8f2b02aa5e8939244f3704') in 0.553326 seconds
  Import took 0.632723 seconds .

========================================================================
Received Import Request.
  Time since last request: 0.054374 seconds.
  path: Assets/PolygonCity/Models/SM_Bld_Shop_Cover_05.fbx
  artifactKey: Guid(7527607bd8ad1944f8b80bdd85fecab6) Importer(815301076,1909f56bfc062723c751e8b465ee728b)
Start importing Assets/PolygonCity/Models/SM_Bld_Shop_Cover_05.fbx using Guid(7527607bd8ad1944f8b80bdd85fecab6) Importer(815301076,1909f56bfc062723c751e8b465ee728b)  -> (artifact id: '366d647d84c90706e15c78fa986fb159') in 0.288959 seconds
  Import took 0.370861 seconds .

========================================================================
Received Import Request.
  Time since last request: 0.000677 seconds.
  path: Assets/PolygonCity/Models/SM_Bld_Shop_Cover_04.fbx
  artifactKey: Guid(8039f4a8add4c31439927020a862d765) Importer(815301076,1909f56bfc062723c751e8b465ee728b)
Start importing Assets/PolygonCity/Models/SM_Bld_Shop_Cover_04.fbx using Guid(8039f4a8add4c31439927020a862d765) Importer(815301076,1909f56bfc062723c751e8b465ee728b)  -> (artifact id: '6d2242ba9d881b1dcff83534ebc13948') in 0.202551 seconds
  Import took 0.257453 seconds .

========================================================================
Received Import Request.
  Time since last request: 0.000691 seconds.
  path: Assets/PolygonCity/Models/SM_Bld_Station_03.fbx
  artifactKey: Guid(168e74101463c284aa63c2f769939413) Importer(815301076,1909f56bfc062723c751e8b465ee728b)
Start importing Assets/PolygonCity/Models/SM_Bld_Station_03.fbx using Guid(168e74101463c284aa63c2f769939413) Importer(815301076,1909f56bfc062723c751e8b465ee728b)  -> (artifact id: '61326db80d96cb2a8ad3e1d871eda3c7') in 0.705935 seconds
  Import took 0.752394 seconds .

========================================================================
Received Import Request.
  Time since last request: 1059.495742 seconds.
  path: Assets/Subway Environment/Assets/Metro/Pooster1_d.jpg
  artifactKey: Guid(14de9640125a4634592f6989288f26ad) Importer(815301076,1909f56bfc062723c751e8b465ee728b)
Start importing Assets/Subway Environment/Assets/Metro/Pooster1_d.jpg using Guid(14de9640125a4634592f6989288f26ad) Importer(815301076,1909f56bfc062723c751e8b465ee728b)  -> (artifact id: '7ff80f2f854cc46493df51177547e5d2') in 1.910610 seconds
  Import took 1.995230 seconds .

========================================================================
Received Import Request.
  Time since last request: 0.015679 seconds.
  path: Assets/Subway Environment/Assets/sings/Sing2_n.jpg
  artifactKey: Guid(66426c3d20d0c134cb8ec72a6656c173) Importer(815301076,1909f56bfc062723c751e8b465ee728b)
Start importing Assets/Subway Environment/Assets/sings/Sing2_n.jpg using Guid(66426c3d20d0c134cb8ec72a6656c173) Importer(815301076,1909f56bfc062723c751e8b465ee728b)  -> (artifact id: 'f5da2e0fcca50e711a5ff0e7730f746e') in 0.467782 seconds
  Import took 0.501626 seconds .

========================================================================
Received Import Request.
  Time since last request: 0.000476 seconds.
  path: Assets/Subway Environment/Assets/sings/Sing2_d.jpg
  artifactKey: Guid(afc925cb020709042afe83c64cf875a0) Importer(815301076,1909f56bfc062723c751e8b465ee728b)
Start importing Assets/Subway Environment/Assets/sings/Sing2_d.jpg using Guid(afc925cb020709042afe83c64cf875a0) Importer(815301076,1909f56bfc062723c751e8b465ee728b)  -> (artifact id: 'ad975c4626ecc57e1edf829d3724ab8b') in 0.229696 seconds
  Import took 0.273718 seconds .

========================================================================
Received Import Request.
  Time since last request: 0.000590 seconds.
  path: Assets/Subway Environment/Assets/sings/Sing1_n.jpg
  artifactKey: Guid(e6874fe5d6e476c4b987f7dc49b21c43) Importer(815301076,1909f56bfc062723c751e8b465ee728b)
Start importing Assets/Subway Environment/Assets/sings/Sing1_n.jpg using Guid(e6874fe5d6e476c4b987f7dc49b21c43) Importer(815301076,1909f56bfc062723c751e8b465ee728b)  -> (artifact id: '068b31285d135da2d5cedf5711c439b1') in 0.494844 seconds
  Import took 0.543682 seconds .

========================================================================
Received Import Request.
  Time since last request: 0.000756 seconds.
  path: Assets/Subway Environment/Assets/seats/Seats_n.jpg
  artifactKey: Guid(029e1693a19704146be7254ef185b2e3) Importer(815301076,1909f56bfc062723c751e8b465ee728b)
Start importing Assets/Subway Environment/Assets/seats/Seats_n.jpg using Guid(029e1693a19704146be7254ef185b2e3) Importer(815301076,1909f56bfc062723c751e8b465ee728b)  -> (artifact id: '96e2a9f1d28fab8a806c9829e1de73da') in 0.294109 seconds
  Import took 0.332220 seconds .

========================================================================
Received Import Request.
  Time since last request: 0.000647 seconds.
  path: Assets/Subway Environment/Assets/Metro/Pooster2_n.jpg
  artifactKey: Guid(106ddb0cd3217e14982b64e127ab70c7) Importer(815301076,1909f56bfc062723c751e8b465ee728b)
Start importing Assets/Subway Environment/Assets/Metro/Pooster2_n.jpg using Guid(106ddb0cd3217e14982b64e127ab70c7) Importer(815301076,1909f56bfc062723c751e8b465ee728b)  -> (artifact id: '3e6be2e5da86a5a8c06cc325c97f801e') in 0.228753 seconds
  Import took 0.266921 seconds .

========================================================================
Received Import Request.
  Time since last request: 0.318767 seconds.
  path: Assets/Subway Environment/Assets/TrainRail/RailDiff.jpg
  artifactKey: Guid(86a2becaf3fbc154bae7fd24732538fc) Importer(815301076,1909f56bfc062723c751e8b465ee728b)
Start importing Assets/Subway Environment/Assets/TrainRail/RailDiff.jpg using Guid(86a2becaf3fbc154bae7fd24732538fc) Importer(815301076,1909f56bfc062723c751e8b465ee728b)  -> (artifact id: 'f46283ccdd1d2eddc996f338467228de') in 0.270100 seconds
  Import took 0.297653 seconds .

========================================================================
Received Import Request.
  Time since last request: 0.024947 seconds.
  path: Assets/Subway Environment/Assets/sings/Sing1_s.tga
  artifactKey: Guid(093bf090308bf7a4eb66e6211ab439d2) Importer(815301076,1909f56bfc062723c751e8b465ee728b)
Start importing Assets/Subway Environment/Assets/sings/Sing1_s.tga using Guid(093bf090308bf7a4eb66e6211ab439d2) Importer(815301076,1909f56bfc062723c751e8b465ee728b)  -> (artifact id: '8d7467422d94b6c0681fe3351d5d0c1a') in 0.334487 seconds
  Import took 0.383630 seconds .

========================================================================
Received Import Request.
  Time since last request: 0.020329 seconds.
  path: Assets/Subway Environment/Assets/Metro/Pooster1_s.tga
  artifactKey: Guid(1586fd87286141f4bb68657b1c8db57d) Importer(815301076,1909f56bfc062723c751e8b465ee728b)
Start importing Assets/Subway Environment/Assets/Metro/Pooster1_s.tga using Guid(1586fd87286141f4bb68657b1c8db57d) Importer(815301076,1909f56bfc062723c751e8b465ee728b)  -> (artifact id: '3267d5b03b74a4dfa26e459df4aa132d') in 0.305430 seconds
  Import took 0.413126 seconds .

========================================================================
Received Import Request.
  Time since last request: 0.000623 seconds.
  path: Assets/Subway Environment/Assets/Metro/Seats_d.jpg
  artifactKey: Guid(4ab10da7a984a29488ade49d42ab3b86) Importer(815301076,1909f56bfc062723c751e8b465ee728b)
Start importing Assets/Subway Environment/Assets/Metro/Seats_d.jpg using Guid(4ab10da7a984a29488ade49d42ab3b86) Importer(815301076,1909f56bfc062723c751e8b465ee728b)  -> (artifact id: 'ed2da8aac0795ba5da03284377a30620') in 0.363980 seconds
  Import took 0.418354 seconds .

========================================================================
Received Import Request.
  Time since last request: 0.000634 seconds.
  path: Assets/Subway Environment/Assets/Metro/Seats_n.jpg
  artifactKey: Guid(0992e664261254e489601b9308a06c57) Importer(815301076,1909f56bfc062723c751e8b465ee728b)
Start importing Assets/Subway Environment/Assets/Metro/Seats_n.jpg using Guid(0992e664261254e489601b9308a06c57) Importer(815301076,1909f56bfc062723c751e8b465ee728b)  -> (artifact id: '22f855ca70f9a193dc8eb96a584182b5') in 0.153006 seconds
  Import took 0.210901 seconds .

========================================================================
Received Import Request.
  Time since last request: 0.000839 seconds.
  path: Assets/Subway Environment/Assets/Metro/Pooster2_d.jpg
  artifactKey: Guid(95244e84103c9a84cb4724c48227c23c) Importer(815301076,1909f56bfc062723c751e8b465ee728b)
Start importing Assets/Subway Environment/Assets/Metro/Pooster2_d.jpg using Guid(95244e84103c9a84cb4724c48227c23c) Importer(815301076,1909f56bfc062723c751e8b465ee728b)  -> (artifact id: '26a47d3da29aa12697b0cf9387b1cb32') in 0.928824 seconds
  Import took 0.998144 seconds .

========================================================================
Received Import Request.
  Time since last request: 0.058449 seconds.
  path: Assets/Subway Environment/Assets/TrainRail/Rail_nmr.jpg
  artifactKey: Guid(3126d680c7ec941418187a14856ae40a) Importer(815301076,1909f56bfc062723c751e8b465ee728b)
Start importing Assets/Subway Environment/Assets/TrainRail/Rail_nmr.jpg using Guid(3126d680c7ec941418187a14856ae40a) Importer(815301076,1909f56bfc062723c751e8b465ee728b)  -> (artifact id: 'fc0f76775d35a2f9ad359cbdc0207a65') in 0.804256 seconds
  Import took 0.834830 seconds .

========================================================================
Received Import Request.
  Time since last request: 0.000623 seconds.
  path: Assets/Subway Environment/Assets/Metro/Seats_s.tga
  artifactKey: Guid(f31389fd26e0fa745947d903725bb575) Importer(815301076,1909f56bfc062723c751e8b465ee728b)
Start importing Assets/Subway Environment/Assets/Metro/Seats_s.tga using Guid(f31389fd26e0fa745947d903725bb575) Importer(815301076,1909f56bfc062723c751e8b465ee728b)  -> (artifact id: 'a913c50e728a0980d40b29f152f061b2') in 0.319689 seconds
  Import took 0.370430 seconds .

========================================================================
Received Import Request.
  Time since last request: 0.013477 seconds.
  path: Assets/Subway Environment/Assets/Metro/Pooster1_n.jpg
  artifactKey: Guid(8f0587e31ed4f5e4f9b41e55dad5923e) Importer(815301076,1909f56bfc062723c751e8b465ee728b)
Start importing Assets/Subway Environment/Assets/Metro/Pooster1_n.jpg using Guid(8f0587e31ed4f5e4f9b41e55dad5923e) Importer(815301076,1909f56bfc062723c751e8b465ee728b)  -> (artifact id: 'fdeb27d3f21cebb17c79a7509990dc90') in 0.239518 seconds
  Import took 0.264572 seconds .

========================================================================
Received Import Request.
  Time since last request: 0.000617 seconds.
  path: Assets/Subway Environment/Assets/Metro/Pooster2_s.tga
  artifactKey: Guid(0b86da6aca09af2448b74ee044acad1b) Importer(815301076,1909f56bfc062723c751e8b465ee728b)
Start importing Assets/Subway Environment/Assets/Metro/Pooster2_s.tga using Guid(0b86da6aca09af2448b74ee044acad1b) Importer(815301076,1909f56bfc062723c751e8b465ee728b)  -> (artifact id: '210e689b33fe9bddfad25815ed110d77') in 0.420833 seconds
  Import took 0.511004 seconds .

========================================================================
Received Import Request.
  Time since last request: 0.001270 seconds.
  path: Assets/Subway Environment/Assets/sings/Sing1_d.jpg
  artifactKey: Guid(566f80b5a5c9ef342b3cf68e67e8bc3e) Importer(815301076,1909f56bfc062723c751e8b465ee728b)
Start importing Assets/Subway Environment/Assets/sings/Sing1_d.jpg using Guid(566f80b5a5c9ef342b3cf68e67e8bc3e) Importer(815301076,1909f56bfc062723c751e8b465ee728b)  -> (artifact id: '4c56b14e5cb682351052f8012f77ed8a') in 0.341180 seconds
  Import took 0.447154 seconds .

========================================================================
Received Import Request.
  Time since last request: 0.002183 seconds.
  path: Assets/Subway Environment/Assets/seats/Seats_d.jpg
  artifactKey: Guid(63b4229a0c4b91940aad5d18d255f790) Importer(815301076,1909f56bfc062723c751e8b465ee728b)
Start importing Assets/Subway Environment/Assets/seats/Seats_d.jpg using Guid(63b4229a0c4b91940aad5d18d255f790) Importer(815301076,1909f56bfc062723c751e8b465ee728b)  -> (artifact id: 'cc7e8c1f9fd66ff777c9250ffac2f296') in 0.242633 seconds
  Import took 0.274832 seconds .

========================================================================
Received Import Request.
  Time since last request: 0.000943 seconds.
  path: Assets/Subway Environment/Assets/seats/Seats_s.tga
  artifactKey: Guid(7bb472c4ad20b2549af99b03eaa75672) Importer(815301076,1909f56bfc062723c751e8b465ee728b)
Start importing Assets/Subway Environment/Assets/seats/Seats_s.tga using Guid(7bb472c4ad20b2549af99b03eaa75672) Importer(815301076,1909f56bfc062723c751e8b465ee728b)  -> (artifact id: 'e052ca8b673895b1452b21a18518b2c3') in 1.148922 seconds
  Import took 1.236940 seconds .

